2015-03-06 01:31:21,538 INFO  [AWT-EventQueue-0] net.mcl.galgje.ui.LafChanger - changing to javax.swing.plaf.metal.MetalLookAndFeel
2015-03-06 01:31:23,486 INFO  [AWT-EventQueue-0] net.mcl.galgje.ui.LafChanger - changing to javax.swing.plaf.metal.MetalLookAndFeel
2015-03-06 01:31:25,556 INFO  [AWT-EventQueue-0] net.mcl.galgje.ui.LafChanger - changing to de.muntjak.tinylookandfeel.TinyLookAndFeel
2015-03-06 01:31:33,566 INFO  [AWT-EventQueue-0] net.mcl.galgje.ui.LafChanger - changing to net.sourceforge.napkinlaf.NapkinLookAndFeel
2015-03-06 01:31:37,255 INFO  [AWT-EventQueue-0] net.mcl.galgje.ui.LafChanger - changing to net.sourceforge.napkinlaf.NapkinLookAndFeel
2015-03-06 01:31:38,580 INFO  [AWT-EventQueue-0] net.mcl.galgje.ui.LafChanger - changing to net.sf.nimrod.NimRODLookAndFeel
2015-03-06 01:31:40,094 INFO  [AWT-EventQueue-0] net.mcl.galgje.ui.LafChanger - changing to net.sourceforge.napkinlaf.NapkinLookAndFeel
2015-03-06 01:32:14,934 INFO  [AWT-EventQueue-0] net.mcl.galgje.ui.LafChanger - changing to javax.swing.plaf.metal.MetalLookAndFeel
2015-03-06 01:32:21,931 INFO  [AWT-EventQueue-0] net.mcl.galgje.ui.LafChanger - changing to javax.swing.plaf.metal.MetalLookAndFeel
2015-03-06 01:32:40,251 INFO  [AWT-EventQueue-0] net.mcl.galgje.ui.LafChanger - changing to de.muntjak.tinylookandfeel.TinyLookAndFeel
2015-03-06 01:33:02,407 INFO  [AWT-EventQueue-0] net.mcl.galgje.ui.LafChanger - changing to javax.swing.plaf.metal.MetalLookAndFeel
2015-03-06 01:33:06,613 INFO  [AWT-EventQueue-0] net.mcl.galgje.ui.LafChanger - changing to javax.swing.plaf.metal.MetalLookAndFeel
2015-03-06 01:34:32,628 INFO  [AWT-EventQueue-0] net.mcl.galgje.ui.LafChanger - changing to de.muntjak.tinylookandfeel.TinyLookAndFeel
2015-03-06 01:34:49,751 INFO  [AWT-EventQueue-0] net.mcl.galgje.ui.LafChanger - changing to net.sourceforge.napkinlaf.NapkinLookAndFeel
2015-03-06 01:34:57,359 INFO  [AWT-EventQueue-0] net.mcl.galgje.ui.LafChanger - changing to net.sf.nimrod.NimRODLookAndFeel
2015-03-06 01:35:01,359 INFO  [AWT-EventQueue-0] net.mcl.galgje.ui.LafChanger - changing to javax.swing.plaf.metal.MetalLookAndFeel
2015-03-06 01:35:20,872 INFO  [AWT-EventQueue-0] net.mcl.galgje.ui.LafChanger - changing to javax.swing.plaf.metal.MetalLookAndFeel
2015-03-06 01:35:23,184 INFO  [AWT-EventQueue-0] net.mcl.galgje.ui.LafChanger - changing to net.sf.nimrod.NimRODLookAndFeel
2015-03-06 01:38:12,676 INFO  [AWT-EventQueue-0] net.mcl.galgje.ui.LafChanger - changing to net.sf.nimrod.NimRODLookAndFeel
2015-03-06 01:38:15,693 INFO  [AWT-EventQueue-0] net.mcl.galgje.ui.LafChanger - changing to net.sourceforge.napkinlaf.NapkinLookAndFeel
2015-03-06 01:38:20,679 INFO  [AWT-EventQueue-0] net.mcl.galgje.ui.LafChanger - changing to de.muntjak.tinylookandfeel.TinyLookAndFeel
2015-03-06 01:38:25,417 INFO  [AWT-EventQueue-0] net.mcl.galgje.ui.LafChanger - changing to javax.swing.plaf.metal.MetalLookAndFeel
2015-03-06 01:38:27,433 INFO  [AWT-EventQueue-0] net.mcl.galgje.ui.LafChanger - changing to javax.swing.plaf.metal.MetalLookAndFeel
2015-03-06 01:38:29,952 INFO  [AWT-EventQueue-0] net.mcl.galgje.ui.LafChanger - changing to net.sf.nimrod.NimRODLookAndFeel
2015-03-06 01:38:32,619 INFO  [AWT-EventQueue-0] net.mcl.galgje.ui.LafChanger - changing to javax.swing.plaf.metal.MetalLookAndFeel
2015-03-06 01:38:34,680 INFO  [AWT-EventQueue-0] net.mcl.galgje.ui.LafChanger - changing to javax.swing.plaf.metal.MetalLookAndFeel
2015-03-06 01:38:38,670 INFO  [AWT-EventQueue-0] net.mcl.galgje.ui.LafChanger - changing to net.sourceforge.napkinlaf.NapkinLookAndFeel
2015-03-06 01:38:41,148 INFO  [AWT-EventQueue-0] net.mcl.galgje.ui.LafChanger - changing to net.sf.nimrod.NimRODLookAndFeel
2015-03-06 01:38:43,648 INFO  [AWT-EventQueue-0] net.mcl.galgje.ui.LafChanger - changing to javax.swing.plaf.metal.MetalLookAndFeel
2015-03-06 01:38:47,364 INFO  [AWT-EventQueue-0] net.mcl.galgje.ui.LafChanger - changing to javax.swing.plaf.metal.MetalLookAndFeel
2015-03-06 01:38:49,290 INFO  [AWT-EventQueue-0] net.mcl.galgje.ui.LafChanger - changing to javax.swing.plaf.metal.MetalLookAndFeel
2015-03-06 01:39:54,833 INFO  [AWT-EventQueue-0] net.mcl.galgje.ui.LafChanger - changing to de.muntjak.tinylookandfeel.TinyLookAndFeel
2015-03-06 01:39:58,464 INFO  [AWT-EventQueue-0] net.mcl.galgje.ui.LafChanger - changing to javax.swing.plaf.metal.MetalLookAndFeel
2015-03-06 01:40:00,310 INFO  [AWT-EventQueue-0] net.mcl.galgje.ui.LafChanger - changing to javax.swing.plaf.metal.MetalLookAndFeel
2015-03-06 01:40:02,330 INFO  [AWT-EventQueue-0] net.mcl.galgje.ui.LafChanger - changing to net.sf.nimrod.NimRODLookAndFeel
2015-03-06 01:40:04,638 INFO  [AWT-EventQueue-0] net.mcl.galgje.ui.LafChanger - changing to net.sourceforge.napkinlaf.NapkinLookAndFeel
2015-03-06 01:40:06,891 INFO  [AWT-EventQueue-0] net.mcl.galgje.ui.LafChanger - changing to de.muntjak.tinylookandfeel.TinyLookAndFeel
2015-03-06 01:40:11,216 INFO  [AWT-EventQueue-0] net.mcl.galgje.ui.LafChanger - changing to javax.swing.plaf.metal.MetalLookAndFeel
2015-03-06 01:40:17,082 INFO  [AWT-EventQueue-0] net.mcl.galgje.ui.LafChanger - changing to javax.swing.plaf.metal.MetalLookAndFeel
2015-03-06 01:40:33,822 INFO  [AWT-EventQueue-0] net.mcl.galgje.ui.LafChanger - changing to javax.swing.plaf.metal.MetalLookAndFeel
2015-03-06 01:40:35,684 INFO  [AWT-EventQueue-0] net.mcl.galgje.ui.LafChanger - changing to de.muntjak.tinylookandfeel.TinyLookAndFeel
2015-03-06 01:41:19,527 INFO  [AWT-EventQueue-0] net.mcl.galgje.ui.LafChanger - changing to net.sourceforge.napkinlaf.NapkinLookAndFeel
2015-03-06 01:41:23,132 INFO  [AWT-EventQueue-0] net.mcl.galgje.ui.LafChanger - changing to de.muntjak.tinylookandfeel.TinyLookAndFeel
2015-03-06 01:41:26,275 INFO  [AWT-EventQueue-0] net.mcl.galgje.ui.LafChanger - changing to javax.swing.plaf.metal.MetalLookAndFeel
2015-03-06 01:41:38,655 INFO  [AWT-EventQueue-0] net.mcl.galgje.ui.LafChanger - changing to net.sourceforge.napkinlaf.NapkinLookAndFeel
2015-03-06 01:41:40,449 INFO  [AWT-EventQueue-0] net.mcl.galgje.ui.LafChanger - changing to net.sf.nimrod.NimRODLookAndFeel
2015-03-06 01:41:43,181 INFO  [AWT-EventQueue-0] net.mcl.galgje.ui.LafChanger - changing to de.muntjak.tinylookandfeel.TinyLookAndFeel
2015-03-06 01:41:45,115 INFO  [AWT-EventQueue-0] net.mcl.galgje.ui.LafChanger - changing to javax.swing.plaf.metal.MetalLookAndFeel
2015-03-06 01:41:47,099 INFO  [AWT-EventQueue-0] net.mcl.galgje.ui.LafChanger - changing to net.sourceforge.napkinlaf.NapkinLookAndFeel
2015-03-06 01:41:48,884 INFO  [AWT-EventQueue-0] net.mcl.galgje.ui.LafChanger - changing to javax.swing.plaf.metal.MetalLookAndFeel
2015-03-06 01:43:17,836 INFO  [AWT-EventQueue-0] net.mcl.galgje.ui.LafChanger - changing to de.muntjak.tinylookandfeel.TinyLookAndFeel
2015-03-06 01:43:20,324 INFO  [AWT-EventQueue-0] net.mcl.galgje.ui.LafChanger - changing to net.sf.nimrod.NimRODLookAndFeel
2015-03-06 01:43:23,184 INFO  [AWT-EventQueue-0] net.mcl.galgje.ui.LafChanger - changing to javax.swing.plaf.metal.MetalLookAndFeel
2015-03-06 01:43:25,522 INFO  [AWT-EventQueue-0] net.mcl.galgje.ui.LafChanger - changing to de.muntjak.tinylookandfeel.TinyLookAndFeel
2015-03-06 01:43:27,610 INFO  [AWT-EventQueue-0] net.mcl.galgje.ui.LafChanger - changing to javax.swing.plaf.metal.MetalLookAndFeel
2015-03-06 01:43:30,360 INFO  [AWT-EventQueue-0] net.mcl.galgje.ui.LafChanger - changing to javax.swing.plaf.metal.MetalLookAndFeel
2015-03-06 01:43:51,925 INFO  [AWT-EventQueue-0] net.mcl.galgje.ui.LafChanger - changing to de.muntjak.tinylookandfeel.TinyLookAndFeel
2015-03-06 01:43:54,064 INFO  [AWT-EventQueue-0] net.mcl.galgje.ui.LafChanger - changing to javax.swing.plaf.metal.MetalLookAndFeel
2015-03-06 01:43:56,793 INFO  [AWT-EventQueue-0] net.mcl.galgje.ui.LafChanger - changing to net.sf.nimrod.NimRODLookAndFeel
2015-03-06 01:43:58,824 INFO  [AWT-EventQueue-0] net.mcl.galgje.ui.LafChanger - changing to javax.swing.plaf.metal.MetalLookAndFeel
2015-03-06 01:44:14,150 INFO  [AWT-EventQueue-0] net.mcl.galgje.ui.LafChanger - changing to net.sf.nimrod.NimRODLookAndFeel
2015-03-06 01:44:16,888 INFO  [AWT-EventQueue-0] net.mcl.galgje.ui.LafChanger - changing to javax.swing.plaf.metal.MetalLookAndFeel
2015-03-06 01:44:18,834 INFO  [AWT-EventQueue-0] net.mcl.galgje.ui.LafChanger - changing to javax.swing.plaf.metal.MetalLookAndFeel
2015-03-06 01:44:24,818 INFO  [AWT-EventQueue-0] net.mcl.galgje.ui.LafChanger - changing to javax.swing.plaf.metal.MetalLookAndFeel
2015-03-06 01:44:35,490 INFO  [AWT-EventQueue-0] net.mcl.galgje.ui.LafChanger - changing to javax.swing.plaf.metal.MetalLookAndFeel
2015-03-06 01:44:46,774 INFO  [AWT-EventQueue-0] net.mcl.galgje.ui.LafChanger - changing to net.sf.nimrod.NimRODLookAndFeel
2015-03-06 01:44:49,222 INFO  [AWT-EventQueue-0] net.mcl.galgje.ui.LafChanger - changing to de.muntjak.tinylookandfeel.TinyLookAndFeel
2015-03-06 01:44:52,310 INFO  [AWT-EventQueue-0] net.mcl.galgje.ui.LafChanger - changing to javax.swing.plaf.metal.MetalLookAndFeel
2015-03-06 01:45:14,115 INFO  [AWT-EventQueue-0] net.mcl.galgje.ui.LafChanger - changing to net.sf.nimrod.NimRODLookAndFeel
2015-03-06 01:45:16,889 INFO  [AWT-EventQueue-0] net.mcl.galgje.ui.LafChanger - changing to javax.swing.plaf.metal.MetalLookAndFeel
2015-03-06 01:45:22,197 INFO  [AWT-EventQueue-0] net.mcl.galgje.ui.LafChanger - changing to javax.swing.plaf.metal.MetalLookAndFeel
2015-03-06 01:45:26,148 INFO  [AWT-EventQueue-0] net.mcl.galgje.ui.LafChanger - changing to de.muntjak.tinylookandfeel.TinyLookAndFeel
2015-03-06 01:45:30,104 INFO  [AWT-EventQueue-0] net.mcl.galgje.ui.LafChanger - changing to net.sf.nimrod.NimRODLookAndFeel
2015-03-06 01:45:34,528 INFO  [AWT-EventQueue-0] net.mcl.galgje.ui.LafChanger - changing to javax.swing.plaf.metal.MetalLookAndFeel
2015-03-06 01:45:58,935 INFO  [AWT-EventQueue-0] net.mcl.galgje.ui.LafChanger - changing to net.sf.nimrod.NimRODLookAndFeel
2015-03-06 01:46:01,426 INFO  [AWT-EventQueue-0] net.mcl.galgje.ui.LafChanger - changing to javax.swing.plaf.metal.MetalLookAndFeel
2015-03-06 01:46:06,223 INFO  [AWT-EventQueue-0] net.mcl.galgje.ui.LafChanger - changing to javax.swing.plaf.metal.MetalLookAndFeel
2015-03-06 01:46:14,367 INFO  [AWT-EventQueue-0] net.mcl.galgje.ui.LafChanger - changing to de.muntjak.tinylookandfeel.TinyLookAndFeel
2015-03-06 01:46:17,418 INFO  [AWT-EventQueue-0] net.mcl.galgje.ui.LafChanger - changing to javax.swing.plaf.metal.MetalLookAndFeel
2015-03-06 01:48:57,143 INFO  [AWT-EventQueue-0] net.mcl.galgje.ui.LafChanger - changing to com.incors.plaf.kunststoff.KunststoffLookAndFeel
2015-03-06 01:49:00,528 INFO  [AWT-EventQueue-0] net.mcl.galgje.ui.LafChanger - changing to javax.swing.plaf.metal.MetalLookAndFeel
2015-03-06 01:49:03,628 INFO  [AWT-EventQueue-0] net.mcl.galgje.ui.LafChanger - changing to net.sf.nimrod.NimRODLookAndFeel
2015-03-06 01:49:06,679 INFO  [AWT-EventQueue-0] net.mcl.galgje.ui.LafChanger - changing to com.incors.plaf.kunststoff.KunststoffLookAndFeel
2015-03-06 01:49:10,574 INFO  [AWT-EventQueue-0] net.mcl.galgje.ui.LafChanger - changing to de.muntjak.tinylookandfeel.TinyLookAndFeel
2015-03-06 01:49:13,594 INFO  [AWT-EventQueue-0] net.mcl.galgje.ui.LafChanger - changing to com.incors.plaf.kunststoff.KunststoffLookAndFeel
2015-03-06 01:49:27,276 INFO  [AWT-EventQueue-0] net.mcl.galgje.ui.LafChanger - changing to javax.swing.plaf.metal.MetalLookAndFeel
2015-03-06 01:49:30,119 INFO  [AWT-EventQueue-0] net.mcl.galgje.ui.LafChanger - changing to com.incors.plaf.kunststoff.KunststoffLookAndFeel
2015-03-06 01:49:45,664 INFO  [AWT-EventQueue-0] net.mcl.galgje.ui.LafChanger - changing to de.muntjak.tinylookandfeel.TinyLookAndFeel
2015-03-06 02:03:11,732 INFO  [AWT-EventQueue-0] net.mcl.galgje.ui.LafChanger - changing to com.alee.laf.WebLookAndFeel
2015-03-06 02:03:28,404 INFO  [AWT-EventQueue-0] net.mcl.galgje.ui.LafChanger - changing to de.muntjak.tinylookandfeel.TinyLookAndFeel
2015-03-06 02:03:36,350 INFO  [AWT-EventQueue-0] net.mcl.galgje.ui.LafChanger - changing to javax.swing.plaf.metal.MetalLookAndFeel
2015-03-06 02:03:40,697 INFO  [AWT-EventQueue-0] net.mcl.galgje.ui.LafChanger - changing to javax.swing.plaf.metal.MetalLookAndFeel
2015-03-06 02:03:44,393 INFO  [AWT-EventQueue-0] net.mcl.galgje.ui.LafChanger - changing to com.incors.plaf.kunststoff.KunststoffLookAndFeel
2015-03-06 02:04:44,646 INFO  [AWT-EventQueue-0] net.mcl.galgje.ui.LafChanger - changing to net.sf.nimrod.NimRODLookAndFeel
2015-03-06 02:04:47,471 INFO  [AWT-EventQueue-0] net.mcl.galgje.ui.LafChanger - changing to com.alee.laf.WebLookAndFeel
2015-03-06 02:04:52,109 INFO  [AWT-EventQueue-0] net.mcl.galgje.ui.LafChanger - changing to com.incors.plaf.kunststoff.KunststoffLookAndFeel
2015-03-06 02:04:56,441 INFO  [AWT-EventQueue-0] net.mcl.galgje.ui.LafChanger - changing to javax.swing.plaf.metal.MetalLookAndFeel
2015-03-06 02:04:59,901 INFO  [AWT-EventQueue-0] net.mcl.galgje.ui.LafChanger - changing to de.muntjak.tinylookandfeel.TinyLookAndFeel
2015-03-06 02:05:03,349 INFO  [AWT-EventQueue-0] net.mcl.galgje.ui.LafChanger - changing to com.alee.laf.WebLookAndFeel
2015-03-06 02:05:08,048 INFO  [AWT-EventQueue-0] net.mcl.galgje.ui.LafChanger - changing to net.sf.nimrod.NimRODLookAndFeel
2015-03-07 20:58:32,391 INFO  [AWT-EventQueue-0] net.mcl.galgje.ui.LafChanger - changing to javax.swing.plaf.metal.MetalLookAndFeel
2015-03-07 21:18:03,174 INFO  [AWT-EventQueue-0] net.mcl.galgje.ui.LafChanger - changing to com/incors/plaf/kunststoff/KunststoffLookAndFeel.class
2015-03-07 21:19:05,912 INFO  [AWT-EventQueue-0] net.mcl.galgje.ui.LafChanger - changing to javax.swing.plaf.metal.MetalLookAndFeel
2015-03-07 21:19:07,795 INFO  [AWT-EventQueue-0] net.mcl.galgje.ui.LafChanger - changing to javax.swing.plaf.metal.MetalLookAndFeel
2015-03-07 21:19:10,395 INFO  [AWT-EventQueue-0] net.mcl.galgje.ui.LafChanger - changing to de/muntjak/tinylookandfeel/TinyLookAndFeel.class
2015-03-07 21:23:20,169 INFO  [AWT-EventQueue-0] net.mcl.galgje.ui.LafChanger - changing to KunststoffLookAndFeel
2015-03-07 21:23:41,999 INFO  [AWT-EventQueue-0] net.mcl.galgje.ui.LafChanger - changing to com.alee.laf.WebLookAndFeel
2015-03-07 21:23:46,536 INFO  [AWT-EventQueue-0] net.mcl.galgje.ui.LafChanger - changing to net.sf.nimrod.NimRODLookAndFeel
2015-03-07 21:23:50,365 INFO  [AWT-EventQueue-0] net.mcl.galgje.ui.LafChanger - changing to com.incors.plaf.kunststoff.KunststoffLookAndFeel
2015-03-07 22:09:58,579 INFO  [AWT-EventQueue-0] net.mcl.galgje.ui.LafChanger - changing to com.alee.laf.WebLookAndFeel
2015-03-07 22:12:15,065 INFO  [AWT-EventQueue-0] net.mcl.galgje.ui.LafChanger - changing to de.muntjak.tinylookandfeel.TinyLookAndFeel
2015-03-08 21:22:28,550 INFO  [AWT-EventQueue-0] net.mcl.galgje.ui.LafChanger - changing to com.alee.laf.WebLookAndFeel
2015-03-08 21:22:59,997 INFO  [AWT-EventQueue-0] net.mcl.galgje.ui.LafChanger - changing to de.muntjak.tinylookandfeel.TinyLookAndFeel
2015-03-08 21:23:14,759 INFO  [AWT-EventQueue-0] net.mcl.galgje.ui.LafChanger - changing to com.incors.plaf.kunststoff.KunststoffLookAndFeel
2015-03-21 11:50:56,752 INFO  [AWT-EventQueue-0] net.mcl.galgje.ui.LafChanger - changing to de.muntjak.tinylookandfeel.TinyLookAndFeel
2015-03-21 11:51:15,353 INFO  [main] net.mcl.galgje.ui.LafChanger - changing to de.muntjak.tinylookandfeel.TinyLookAndFeel
2015-03-21 11:52:16,423 INFO  [main] net.mcl.galgje.ui.LafChanger - changing to de.muntjak.tinylookandfeel.TinyLookAndFeel
2015-03-21 11:53:53,730 INFO  [main] net.mcl.galgje.ui.LafChanger - changing to de.muntjak.tinylookandfeel.TinyLookAndFeel
2015-03-21 11:54:11,594 INFO  [AWT-EventQueue-0] net.mcl.galgje.ui.LafChanger - changing to net.sf.nimrod.NimRODLookAndFeel
2015-03-21 11:54:45,405 INFO  [main] net.mcl.galgje.ui.LafChanger - changing to net.sf.nimrod.NimRODLookAndFeel
2015-03-21 11:56:17,090 INFO  [main] net.mcl.galgje.ui.LafChanger - changing to net.sf.nimrod.NimRODLookAndFeel
2015-03-21 11:56:32,670 INFO  [main] net.mcl.galgje.ui.LafChanger - changing to net.sf.nimrod.NimRODLookAndFeel
2015-03-21 11:57:09,643 INFO  [main] net.mcl.galgje.ui.LafChanger - changing to net.sf.nimrod.NimRODLookAndFeel
2015-03-21 13:20:17,818 INFO  [main] net.mcl.galgje.ui.LafChanger - changing to net.sf.nimrod.NimRODLookAndFeel
2015-03-21 13:20:24,640 INFO  [AWT-EventQueue-0] net.mcl.galgje.ui.LafChanger - changing to com.alee.laf.WebLookAndFeel
2015-03-21 13:20:31,006 INFO  [AWT-EventQueue-0] net.mcl.galgje.ui.LafChanger - changing to javax.swing.plaf.metal.MetalLookAndFeel
2015-03-21 13:20:35,418 INFO  [AWT-EventQueue-0] net.mcl.galgje.ui.LafChanger - changing to com.incors.plaf.kunststoff.KunststoffLookAndFeel
2015-03-21 13:20:40,113 INFO  [AWT-EventQueue-0] net.mcl.galgje.ui.LafChanger - changing to javax.swing.plaf.metal.MetalLookAndFeel
2015-03-21 13:24:54,074 INFO  [main] net.mcl.galgje.ui.LafChanger - changing to javax.swing.plaf.metal.MetalLookAndFeel
2015-03-21 13:28:12,057 INFO  [main] net.mcl.galgje.ui.LafChanger - changing to javax.swing.plaf.metal.MetalLookAndFeel
2015-03-21 13:28:23,569 INFO  [main] net.mcl.galgje.ui.LafChanger - changing to javax.swing.plaf.metal.MetalLookAndFeel
2015-03-21 13:29:59,979 INFO  [main] net.mcl.galgje.ui.LafChanger - changing to javax.swing.plaf.metal.MetalLookAndFeel
2015-03-23 19:21:19,914 INFO  [main] net.mcl.galgje.ui.LafChanger - changing to javax.swing.plaf.metal.MetalLookAndFeel
2015-05-04 19:38:43,452 INFO  [main] net.mcl.galgje.ui.LafChanger - changing to javax.swing.plaf.metal.MetalLookAndFeel
2015-05-04 19:41:06,388 INFO  [main] net.mcl.galgje.ui.LafChanger - changing to javax.swing.plaf.metal.MetalLookAndFeel
2015-05-04 19:43:52,608 INFO  [main] net.mcl.galgje.ui.LafChanger - changing to javax.swing.plaf.metal.MetalLookAndFeel
2015-05-04 20:02:24,034 INFO  [main] net.mcl.galgje.ui.LafChanger - changing to javax.swing.plaf.metal.MetalLookAndFeel
2015-05-04 20:10:50,868 INFO  [main] net.mcl.galgje.ui.LafChanger - changing to javax.swing.plaf.metal.MetalLookAndFeel
2015-05-04 20:11:25,064 INFO  [main] net.mcl.galgje.ui.LafChanger - changing to javax.swing.plaf.metal.MetalLookAndFeel
2015-05-04 20:14:51,625 INFO  [AWT-EventQueue-0] net.mcl.galgje.ui.LafChanger - changing to com.alee.laf.WebLookAndFeel
2015-05-04 20:14:56,635 INFO  [AWT-EventQueue-0] net.mcl.galgje.ui.LafChanger - changing to javax.swing.plaf.metal.MetalLookAndFeel
2015-05-04 20:14:59,718 INFO  [AWT-EventQueue-0] net.mcl.galgje.ui.LafChanger - changing to net.sf.nimrod.NimRODLookAndFeel
2015-05-04 20:15:04,916 INFO  [AWT-EventQueue-0] net.mcl.galgje.ui.LafChanger - changing to javax.swing.plaf.metal.MetalLookAndFeel
2015-05-04 20:15:09,145 INFO  [AWT-EventQueue-0] net.mcl.galgje.ui.LafChanger - changing to com.incors.plaf.kunststoff.KunststoffLookAndFeel
2015-05-04 20:15:21,829 INFO  [main] net.mcl.galgje.ui.LafChanger - changing to com.incors.plaf.kunststoff.KunststoffLookAndFeel
2015-05-04 20:15:32,708 INFO  [AWT-EventQueue-0] net.mcl.galgje.ui.LafChanger - changing to javax.swing.plaf.metal.MetalLookAndFeel
2015-05-04 20:15:36,346 INFO  [AWT-EventQueue-0] net.mcl.galgje.ui.LafChanger - changing to de.muntjak.tinylookandfeel.TinyLookAndFeel
2015-05-04 20:15:50,294 INFO  [main] net.mcl.galgje.ui.LafChanger - changing to de.muntjak.tinylookandfeel.TinyLookAndFeel
2015-05-04 20:20:43,062 INFO  [main] net.mcl.galgje.ui.LafChanger - changing to de.muntjak.tinylookandfeel.TinyLookAndFeel
2015-05-04 20:57:50,970 INFO  [main] net.mcl.galgje.ui.LafChanger - changing to de.muntjak.tinylookandfeel.TinyLookAndFeel
2015-05-04 20:58:50,478 INFO  [main] net.mcl.galgje.ui.LafChanger - changing to de.muntjak.tinylookandfeel.TinyLookAndFeel
2015-05-04 20:59:43,693 INFO  [main] net.mcl.galgje.ui.LafChanger - changing to de.muntjak.tinylookandfeel.TinyLookAndFeel
2015-05-04 21:06:12,187 INFO  [main] net.mcl.galgje.ui.LafChanger - changing to de.muntjak.tinylookandfeel.TinyLookAndFeel
2015-05-04 21:07:52,778 INFO  [main] net.mcl.galgje.ui.LafChanger - changing to de.muntjak.tinylookandfeel.TinyLookAndFeel
2015-05-04 21:08:32,734 INFO  [main] net.mcl.galgje.ui.LafChanger - changing to de.muntjak.tinylookandfeel.TinyLookAndFeel
2015-05-04 21:12:52,018 INFO  [main] net.mcl.galgje.ui.LafChanger - changing to de.muntjak.tinylookandfeel.TinyLookAndFeel
2015-05-04 21:14:35,324 INFO  [main] net.mcl.galgje.ui.LafChanger - changing to de.muntjak.tinylookandfeel.TinyLookAndFeel
2015-05-04 21:16:52,922 INFO  [main] net.mcl.galgje.ui.LafChanger - changing to de.muntjak.tinylookandfeel.TinyLookAndFeel
2015-05-04 21:33:45,010 INFO  [main] net.mcl.galgje.ui.LafChanger - changing to de.muntjak.tinylookandfeel.TinyLookAndFeel
2015-05-04 21:54:58,072 INFO  [main] net.mcl.galgje.ui.LafChanger - changing to de.muntjak.tinylookandfeel.TinyLookAndFeel
2015-05-04 22:25:09,894 INFO  [main] net.mcl.galgje.ui.LafChanger - changing to de.muntjak.tinylookandfeel.TinyLookAndFeel
2015-05-04 22:25:33,005 INFO  [main] net.mcl.galgje.ui.LafChanger - changing to de.muntjak.tinylookandfeel.TinyLookAndFeel
2015-05-04 22:30:29,072 INFO  [main] net.mcl.galgje.ui.LafChanger - changing to de.muntjak.tinylookandfeel.TinyLookAndFeel
2015-05-04 22:47:17,589 INFO  [main] net.mcl.galgje.ui.LafChanger - changing to de.muntjak.tinylookandfeel.TinyLookAndFeel
2015-05-04 23:00:23,456 INFO  [main] net.mcl.galgje.ui.LafChanger - changing to de.muntjak.tinylookandfeel.TinyLookAndFeel
2015-05-04 23:03:59,391 INFO  [main] net.mcl.galgje.ui.LafChanger - changing to de.muntjak.tinylookandfeel.TinyLookAndFeel
2015-05-04 23:08:38,211 INFO  [main] net.mcl.galgje.ui.LafChanger - changing to de.muntjak.tinylookandfeel.TinyLookAndFeel
2015-05-04 23:26:48,088 INFO  [main] net.mcl.galgje.ui.LafChanger - changing to de.muntjak.tinylookandfeel.TinyLookAndFeel
2015-05-04 23:27:18,824 INFO  [main] net.mcl.galgje.ui.LafChanger - changing to de.muntjak.tinylookandfeel.TinyLookAndFeel
2015-05-04 23:28:10,802 INFO  [main] net.mcl.galgje.ui.LafChanger - changing to de.muntjak.tinylookandfeel.TinyLookAndFeel
2015-05-04 23:29:07,948 INFO  [main] net.mcl.galgje.ui.LafChanger - changing to de.muntjak.tinylookandfeel.TinyLookAndFeel
2015-05-04 23:29:34,670 INFO  [main] net.mcl.galgje.ui.LafChanger - changing to de.muntjak.tinylookandfeel.TinyLookAndFeel
2015-05-04 23:33:23,543 INFO  [main] net.mcl.galgje.ui.LafChanger - changing to de.muntjak.tinylookandfeel.TinyLookAndFeel
2015-05-04 23:41:39,418 INFO  [main] net.mcl.galgje.ui.LafChanger - changing to de.muntjak.tinylookandfeel.TinyLookAndFeel
2015-05-04 23:42:05,361 INFO  [main] net.mcl.galgje.ui.LafChanger - changing to de.muntjak.tinylookandfeel.TinyLookAndFeel
2015-05-04 23:46:27,423 INFO  [main] net.mcl.galgje.ui.LafChanger - changing to de.muntjak.tinylookandfeel.TinyLookAndFeel
2015-05-04 23:47:07,853 INFO  [main] net.mcl.galgje.ui.LafChanger - changing to de.muntjak.tinylookandfeel.TinyLookAndFeel
2015-05-04 23:47:41,401 INFO  [main] net.mcl.galgje.ui.LafChanger - changing to de.muntjak.tinylookandfeel.TinyLookAndFeel
2015-05-04 23:53:39,980 INFO  [main] net.mcl.galgje.ui.LafChanger - changing to de.muntjak.tinylookandfeel.TinyLookAndFeel
2015-05-06 20:07:29,752 INFO  [main] net.mcl.galgje.ui.LafChanger - changing to de.muntjak.tinylookandfeel.TinyLookAndFeel
2015-05-06 20:08:01,434 INFO  [main] net.mcl.galgje.ui.LafChanger - changing to de.muntjak.tinylookandfeel.TinyLookAndFeel
2015-05-06 20:54:35,518 INFO  [main] net.mcl.galgje.ui.swing.LafChanger - changing to com.incors.plaf.kunststoff.KunststoffLookAndFeel
2015-05-06 21:17:00,897 INFO  [main] net.mcl.galgje.ui.swing.LafChanger - changing to com.incors.plaf.kunststoff.KunststoffLookAndFeel
2015-05-06 21:18:05,822 INFO  [main] net.mcl.galgje.ui.swing.LafChanger - changing to com.incors.plaf.kunststoff.KunststoffLookAndFeel
2015-05-06 21:22:43,772 INFO  [main] net.mcl.galgje.ui.swing.LafChanger - changing to com.incors.plaf.kunststoff.KunststoffLookAndFeel
2015-05-06 21:24:10,974 INFO  [main] net.mcl.galgje.ui.swing.LafChanger - changing to com.incors.plaf.kunststoff.KunststoffLookAndFeel
2015-05-06 21:25:25,840 INFO  [main] net.mcl.galgje.ui.swing.LafChanger - changing to com.incors.plaf.kunststoff.KunststoffLookAndFeel
2015-05-06 21:27:17,448 INFO  [main] net.mcl.galgje.ui.swing.LafChanger - changing to com.incors.plaf.kunststoff.KunststoffLookAndFeel
2015-05-06 21:27:39,872 INFO  [main] net.mcl.galgje.ui.swing.LafChanger - changing to com.incors.plaf.kunststoff.KunststoffLookAndFeel
2015-05-06 21:30:52,590 INFO  [main] net.mcl.galgje.ui.swing.LafChanger - changing to com.incors.plaf.kunststoff.KunststoffLookAndFeel
2015-05-06 21:32:06,879 INFO  [main] net.mcl.galgje.ui.swing.LafChanger - changing to com.incors.plaf.kunststoff.KunststoffLookAndFeel
2015-05-06 21:41:28,218 INFO  [main] net.mcl.galgje.ui.swing.LafChanger - changing to com.incors.plaf.kunststoff.KunststoffLookAndFeel
2015-05-22 20:19:48,899 INFO  [main] net.mcl.galgje.ui.swing.LafChanger - changing to com.incors.plaf.kunststoff.KunststoffLookAndFeel
2015-09-01 15:59:24,250 INFO  [main] net.mcl.galgje.ui.swing.LafChanger - changing to com.incors.plaf.kunststoff.KunststoffLookAndFeel
2015-09-01 15:59:36,736 INFO  [AWT-EventQueue-0] net.mcl.galgje.ui.swing.LafChanger - changing to javax.swing.plaf.metal.MetalLookAndFeel
2015-09-01 15:59:46,223 INFO  [AWT-EventQueue-0] net.mcl.galgje.ui.swing.LafChanger - changing to net.sf.nimrod.NimRODLookAndFeel
2015-09-01 15:59:49,261 INFO  [AWT-EventQueue-0] net.mcl.galgje.ui.swing.LafChanger - changing to javax.swing.plaf.metal.MetalLookAndFeel
2015-09-01 16:00:07,176 INFO  [AWT-EventQueue-0] net.mcl.galgje.ui.swing.LafChanger - changing to de.muntjak.tinylookandfeel.TinyLookAndFeel
2015-09-01 16:00:12,394 INFO  [AWT-EventQueue-0] net.mcl.galgje.ui.swing.LafChanger - changing to javax.swing.plaf.metal.MetalLookAndFeel
2015-09-01 16:00:18,247 INFO  [AWT-EventQueue-0] net.mcl.galgje.ui.swing.LafChanger - changing to com.alee.laf.WebLookAndFeel
2015-09-01 16:07:01,465 INFO  [AWT-EventQueue-0] net.mcl.galgje.ui.swing.LafChanger - changing to javax.swing.plaf.metal.MetalLookAndFeel
2015-09-01 16:16:40,397 INFO  [main] net.mcl.galgje.ui.swing.LafChanger - changing to javax.swing.plaf.metal.MetalLookAndFeel
2015-09-01 16:17:18,502 INFO  [main] net.mcl.galgje.ui.swing.LafChanger - changing to javax.swing.plaf.metal.MetalLookAndFeel
2015-09-01 16:17:32,526 INFO  [AWT-EventQueue-0] net.mcl.galgje.ui.swing.LafChanger - changing to com.alee.laf.WebLookAndFeel
2015-09-01 16:17:39,837 INFO  [AWT-EventQueue-0] net.mcl.galgje.ui.swing.LafChanger - changing to net.sf.nimrod.NimRODLookAndFeel
2015-09-01 16:17:44,790 INFO  [AWT-EventQueue-0] net.mcl.galgje.ui.swing.LafChanger - changing to javax.swing.plaf.metal.MetalLookAndFeel
2015-09-01 16:17:48,069 INFO  [AWT-EventQueue-0] net.mcl.galgje.ui.swing.LafChanger - changing to com.incors.plaf.kunststoff.KunststoffLookAndFeel
2015-09-01 16:17:51,816 INFO  [AWT-EventQueue-0] net.mcl.galgje.ui.swing.LafChanger - changing to javax.swing.plaf.metal.MetalLookAndFeel
2015-09-01 16:17:55,574 INFO  [AWT-EventQueue-0] net.mcl.galgje.ui.swing.LafChanger - changing to com.alee.laf.WebLookAndFeel
2015-09-01 16:18:12,434 INFO  [main] net.mcl.galgje.ui.swing.LafChanger - changing to com.alee.laf.WebLookAndFeel
2015-09-01 18:09:38,863 INFO  [main] net.mcl.galgje.ui.swing.LafChanger - changing to com.alee.laf.WebLookAndFeel
2015-09-01 18:09:48,747 INFO  [AWT-EventQueue-0] net.mcl.galgje.ui.swing.LafChanger - changing to com.pagosoft.plaf.PgsLookAndFeel
2015-09-01 18:09:55,033 INFO  [AWT-EventQueue-0] net.mcl.galgje.ui.swing.LafChanger - changing to com.github.mibrahim.praxislaf.PraxisLookAndFeel
2015-09-01 18:10:25,678 INFO  [AWT-EventQueue-0] net.mcl.galgje.ui.swing.LafChanger - changing to com.seaglasslookandfeel.SeaGlassLookAndFeel
2015-09-01 18:10:34,121 INFO  [AWT-EventQueue-0] net.mcl.galgje.ui.swing.LafChanger - changing to com.github.mibrahim.praxislaf.PraxisLookAndFeel
2015-09-01 18:11:33,047 INFO  [AWT-EventQueue-0] net.mcl.galgje.ui.swing.LafChanger - changing to com.seaglasslookandfeel.SeaGlassLookAndFeel
2015-09-01 18:11:42,700 INFO  [AWT-EventQueue-0] net.mcl.galgje.ui.swing.LafChanger - changing to com.incors.plaf.kunststoff.KunststoffLookAndFeel
2015-09-01 18:11:47,077 INFO  [AWT-EventQueue-0] net.mcl.galgje.ui.swing.LafChanger - changing to com.seaglasslookandfeel.SeaGlassLookAndFeel
2015-09-01 20:16:27,951 INFO  [main] net.mcl.galgje.ui.swing.LafChanger - changing to com.seaglasslookandfeel.SeaGlassLookAndFeel
2015-09-01 20:16:36,636 INFO  [AWT-EventQueue-0] net.mcl.galgje.ui.swing.LafChanger - changing to com.github.mibrahim.praxislaf.PraxisLookAndFeel
2015-09-01 20:16:58,397 INFO  [AWT-EventQueue-0] net.mcl.galgje.ui.swing.LafChanger - changing to javax.swing.plaf.metal.MetalLookAndFeel
2015-09-01 20:17:02,530 INFO  [AWT-EventQueue-0] net.mcl.galgje.ui.swing.LafChanger - changing to javax.swing.plaf.metal.MetalLookAndFeel
2015-09-01 20:17:07,443 INFO  [AWT-EventQueue-0] net.mcl.galgje.ui.swing.LafChanger - changing to net.sf.nimrod.NimRODLookAndFeel
2015-09-01 20:17:10,754 INFO  [AWT-EventQueue-0] net.mcl.galgje.ui.swing.LafChanger - changing to com.pagosoft.plaf.PgsLookAndFeel
2015-09-01 20:17:19,257 INFO  [AWT-EventQueue-0] net.mcl.galgje.ui.swing.LafChanger - changing to javax.swing.plaf.metal.MetalLookAndFeel
2015-09-01 20:17:55,959 INFO  [main] net.mcl.galgje.ui.swing.LafChanger - changing to javax.swing.plaf.metal.MetalLookAndFeel
2015-09-01 20:18:05,739 INFO  [AWT-EventQueue-0] net.mcl.galgje.ui.swing.LafChanger - changing to com.pagosoft.plaf.PgsLookAndFeel
2015-09-01 20:29:03,686 INFO  [AWT-EventQueue-0] net.mcl.galgje.ui.swing.LafChanger - changing to javax.swing.plaf.metal.MetalLookAndFeel
2015-09-01 22:21:14,624 INFO  [main] net.mcl.galgje.ui.swing.LafChanger - changing to javax.swing.plaf.metal.MetalLookAndFeel
2015-09-01 23:19:25,482 INFO  [main] net.mcl.galgje.ui.swing.LafChanger - changing to javax.swing.plaf.metal.MetalLookAndFeel
